<?xml version="1.0" encoding="UTF-8"?>
<testng-results ignored="0" total="1" passed="1" failed="0" skipped="0">
  <reporter-output>
  </reporter-output>
  <suite started-at="2022-05-16T16:50:29 EDT" name="Default suite" finished-at="2022-05-16T16:50:35 EDT" duration-ms="5529">
    <groups>
    </groups>
    <test started-at="2022-05-16T16:50:29 EDT" name="Default test" finished-at="2022-05-16T16:50:35 EDT" duration-ms="5529">
      <class name="Testcases.ExtentReportD">
        <test-method is-config="true" signature="config()[pri:0, instance:Testcases.ExtentReportD@1ab3a8c8]" started-at="2022-05-16T16:50:29 EDT" name="config" finished-at="2022-05-16T16:50:30 EDT" duration-ms="154" status="PASS">
          <reporter-output>
          </reporter-output>
        </test-method> <!-- config -->
        <test-method signature="initialDemo()[pri:0, instance:Testcases.ExtentReportD@1ab3a8c8]" started-at="2022-05-16T16:50:30 EDT" name="initialDemo" finished-at="2022-05-16T16:50:35 EDT" duration-ms="5356" status="PASS">
          <reporter-output>
          </reporter-output>
        </test-method> <!-- initialDemo -->
      </class> <!-- Testcases.ExtentReportD -->
    </test> <!-- Default test -->
  </suite> <!-- Default suite -->
</testng-results>
